<?xml version="1.0" ?>
<coverage version="7.13.5" timestamp="1775926908378" lines-valid="508" lines-covered="103" line-rate="0.2028" branches-covered="0" branches-valid="0" branch-rate="0" complexity="0">
	<!-- Generated by coverage.py: https://coverage.readthedocs.io/en/7.13.5 -->
	<!-- Based on https://raw.githubusercontent.com/cobertura/web/master/htdocs/xml/coverage-04.dtd -->
	<sources>
		<source>E:\TradersApp</source>
	</sources>
	<packages>
		<package name="ml-engine.infrastructure" line-rate="0.2028" branch-rate="0" complexity="0">
			<classes>
				<class name="prometheus_exporter.py" filename="ml-engine/infrastructure/prometheus_exporter.py" complexity="0" line-rate="0.1429" branch-rate="0">
					<methods/>
					<lines>
						<line number="25" hits="1"/>
						<line number="27" hits="1"/>
						<line number="28" hits="1"/>
						<line number="29" hits="1"/>
						<line number="30" hits="1"/>
						<line number="31" hits="1"/>
						<line number="32" hits="1"/>
						<line number="34" hits="1"/>
						<line number="36" hits="1"/>
						<line number="37" hits="1"/>
						<line number="40" hits="1"/>
						<line number="41" hits="1"/>
						<line number="46" hits="0"/>
						<line number="47" hits="0"/>
						<line number="48" hits="0"/>
						<line number="49" hits="1"/>
						<line number="50" hits="1"/>
						<line number="51" hits="1"/>
						<line number="54" hits="1"/>
						<line number="55" hits="1"/>
						<line number="66" hits="1"/>
						<line number="73" hits="1"/>
						<line number="74" hits="1"/>
						<line number="76" hits="0"/>
						<line number="77" hits="0"/>
						<line number="79" hits="0"/>
						<line number="82" hits="0"/>
						<line number="90" hits="0"/>
						<line number="97" hits="0"/>
						<line number="102" hits="0"/>
						<line number="107" hits="0"/>
						<line number="112" hits="0"/>
						<line number="117" hits="0"/>
						<line number="122" hits="0"/>
						<line number="128" hits="0"/>
						<line number="133" hits="0"/>
						<line number="140" hits="0"/>
						<line number="145" hits="0"/>
						<line number="150" hits="0"/>
						<line number="157" hits="0"/>
						<line number="162" hits="0"/>
						<line number="167" hits="0"/>
						<line number="172" hits="0"/>
						<line number="177" hits="0"/>
						<line number="184" hits="0"/>
						<line number="189" hits="0"/>
						<line number="194" hits="0"/>
						<line number="202" hits="0"/>
						<line number="207" hits="0"/>
						<line number="212" hits="0"/>
						<line number="219" hits="0"/>
						<line number="224" hits="0"/>
						<line number="231" hits="0"/>
						<line number="236" hits="0"/>
						<line number="241" hits="0"/>
						<line number="247" hits="0"/>
						<line number="253" hits="0"/>
						<line number="261" hits="0"/>
						<line number="267" hits="0"/>
						<line number="276" hits="0"/>
						<line number="281" hits="0"/>
						<line number="288" hits="0"/>
						<line number="294" hits="0"/>
						<line number="300" hits="0"/>
						<line number="306" hits="0"/>
						<line number="313" hits="0"/>
						<line number="321" hits="0"/>
						<line number="327" hits="0"/>
						<line number="332" hits="0"/>
						<line number="338" hits="0"/>
						<line number="344" hits="0"/>
						<line number="350" hits="0"/>
						<line number="357" hits="0"/>
						<line number="363" hits="0"/>
						<line number="369" hits="0"/>
						<line number="375" hits="0"/>
						<line number="380" hits="0"/>
						<line number="386" hits="0"/>
						<line number="392" hits="0"/>
						<line number="398" hits="0"/>
						<line number="403" hits="0"/>
						<line number="409" hits="0"/>
						<line number="415" hits="0"/>
						<line number="422" hits="0"/>
						<line number="423" hits="0"/>
						<line number="428" hits="1"/>
						<line number="435" hits="0"/>
						<line number="436" hits="0"/>
						<line number="438" hits="0"/>
						<line number="439" hits="0"/>
						<line number="440" hits="0"/>
						<line number="443" hits="1"/>
						<line number="451" hits="0"/>
						<line number="452" hits="0"/>
						<line number="454" hits="0"/>
						<line number="455" hits="0"/>
						<line number="457" hits="0"/>
						<line number="458" hits="0"/>
						<line number="459" hits="0"/>
						<line number="460" hits="0"/>
						<line number="461" hits="0"/>
						<line number="462" hits="0"/>
						<line number="463" hits="0"/>
						<line number="464" hits="0"/>
						<line number="465" hits="0"/>
						<line number="468" hits="1"/>
						<line number="469" hits="0"/>
						<line number="472" hits="1"/>
						<line number="475" hits="0"/>
						<line number="476" hits="0"/>
						<line number="478" hits="0"/>
						<line number="479" hits="0"/>
						<line number="481" hits="0"/>
						<line number="484" hits="1"/>
						<line number="487" hits="0"/>
						<line number="488" hits="0"/>
						<line number="490" hits="0"/>
						<line number="491" hits="0"/>
						<line number="493" hits="0"/>
						<line number="494" hits="0"/>
						<line number="495" hits="0"/>
						<line number="497" hits="0"/>
						<line number="503" hits="0"/>
						<line number="504" hits="0"/>
						<line number="506" hits="0"/>
						<line number="510" hits="0"/>
						<line number="511" hits="0"/>
						<line number="512" hits="0"/>
						<line number="514" hits="0"/>
						<line number="515" hits="0"/>
						<line number="516" hits="0"/>
						<line number="517" hits="0"/>
						<line number="518" hits="0"/>
						<line number="519" hits="0"/>
						<line number="520" hits="0"/>
						<line number="521" hits="0"/>
						<line number="522" hits="0"/>
						<line number="523" hits="0"/>
						<line number="525" hits="0"/>
						<line number="528" hits="1"/>
						<line number="531" hits="0"/>
						<line number="532" hits="0"/>
						<line number="534" hits="0"/>
						<line number="535" hits="0"/>
						<line number="537" hits="0"/>
						<line number="538" hits="0"/>
						<line number="540" hits="0"/>
						<line number="543" hits="0"/>
						<line number="544" hits="0"/>
						<line number="545" hits="0"/>
						<line number="546" hits="0"/>
						<line number="547" hits="0"/>
						<line number="550" hits="1"/>
						<line number="553" hits="0"/>
						<line number="554" hits="0"/>
						<line number="556" hits="0"/>
						<line number="557" hits="0"/>
						<line number="559" hits="0"/>
						<line number="560" hits="0"/>
						<line number="561" hits="0"/>
						<line number="564" hits="1"/>
						<line number="571" hits="0"/>
						<line number="572" hits="0"/>
						<line number="574" hits="0"/>
						<line number="575" hits="0"/>
						<line number="577" hits="0"/>
						<line number="578" hits="0"/>
						<line number="579" hits="0"/>
						<line number="580" hits="0"/>
						<line number="581" hits="0"/>
						<line number="582" hits="0"/>
						<line number="584" hits="0"/>
						<line number="587" hits="1"/>
						<line number="590" hits="0"/>
						<line number="591" hits="0"/>
						<line number="592" hits="0"/>
						<line number="593" hits="0"/>
						<line number="594" hits="0"/>
						<line number="597" hits="1"/>
						<line number="600" hits="0"/>
						<line number="601" hits="0"/>
						<line number="602" hits="0"/>
						<line number="603" hits="0"/>
						<line number="604" hits="0"/>
						<line number="607" hits="1"/>
						<line number="610" hits="1"/>
						<line number="611" hits="1"/>
						<line number="612" hits="1"/>
						<line number="613" hits="1"/>
						<line number="614" hits="0"/>
						<line number="617" hits="1"/>
						<line number="620" hits="0"/>
						<line number="621" hits="0"/>
						<line number="622" hits="0"/>
						<line number="623" hits="0"/>
						<line number="624" hits="0"/>
						<line number="625" hits="0"/>
						<line number="626" hits="0"/>
						<line number="629" hits="1"/>
						<line number="632" hits="0"/>
						<line number="633" hits="0"/>
						<line number="634" hits="0"/>
						<line number="635" hits="0"/>
						<line number="636" hits="0"/>
						<line number="639" hits="1"/>
						<line number="642" hits="0"/>
						<line number="643" hits="0"/>
						<line number="645" hits="0"/>
						<line number="646" hits="0"/>
						<line number="648" hits="0"/>
						<line number="651" hits="1"/>
						<line number="654" hits="0"/>
						<line number="655" hits="0"/>
						<line number="656" hits="0"/>
						<line number="657" hits="0"/>
						<line number="658" hits="0"/>
						<line number="661" hits="1"/>
						<line number="664" hits="0"/>
						<line number="665" hits="0"/>
						<line number="666" hits="0"/>
						<line number="667" hits="0"/>
						<line number="668" hits="0"/>
						<line number="671" hits="1"/>
						<line number="674" hits="0"/>
						<line number="675" hits="0"/>
						<line number="676" hits="0"/>
						<line number="677" hits="0"/>
						<line number="678" hits="0"/>
						<line number="681" hits="1"/>
						<line number="684" hits="0"/>
						<line number="685" hits="0"/>
						<line number="686" hits="0"/>
						<line number="687" hits="0"/>
						<line number="688" hits="0"/>
						<line number="691" hits="1"/>
						<line number="694" hits="0"/>
						<line number="695" hits="0"/>
						<line number="696" hits="0"/>
						<line number="697" hits="0"/>
						<line number="698" hits="0"/>
						<line number="701" hits="1"/>
						<line number="704" hits="0"/>
						<line number="705" hits="0"/>
						<line number="706" hits="0"/>
						<line number="707" hits="0"/>
						<line number="708" hits="0"/>
						<line number="711" hits="1"/>
						<line number="714" hits="0"/>
						<line number="715" hits="0"/>
						<line number="716" hits="0"/>
						<line number="717" hits="0"/>
						<line number="718" hits="0"/>
						<line number="719" hits="0"/>
						<line number="722" hits="1"/>
						<line number="730" hits="0"/>
						<line number="731" hits="0"/>
						<line number="732" hits="0"/>
						<line number="733" hits="0"/>
						<line number="734" hits="0"/>
						<line number="735" hits="0"/>
						<line number="736" hits="0"/>
						<line number="739" hits="1"/>
						<line number="752" hits="0"/>
						<line number="753" hits="0"/>
						<line number="754" hits="0"/>
						<line number="755" hits="0"/>
						<line number="757" hits="0"/>
						<line number="758" hits="0"/>
						<line number="759" hits="0"/>
						<line number="760" hits="0"/>
						<line number="761" hits="0"/>
						<line number="762" hits="0"/>
						<line number="763" hits="0"/>
						<line number="764" hits="0"/>
						<line number="765" hits="0"/>
						<line number="766" hits="0"/>
						<line number="767" hits="0"/>
						<line number="768" hits="0"/>
						<line number="769" hits="0"/>
						<line number="770" hits="0"/>
						<line number="771" hits="0"/>
						<line number="772" hits="0"/>
						<line number="773" hits="0"/>
						<line number="774" hits="0"/>
						<line number="776" hits="0"/>
						<line number="777" hits="0"/>
						<line number="778" hits="0"/>
						<line number="779" hits="0"/>
						<line number="781" hits="0"/>
						<line number="783" hits="0"/>
						<line number="784" hits="0"/>
						<line number="785" hits="0"/>
						<line number="786" hits="0"/>
						<line number="787" hits="0"/>
						<line number="789" hits="0"/>
						<line number="790" hits="0"/>
						<line number="791" hits="0"/>
						<line number="792" hits="0"/>
						<line number="799" hits="1"/>
						<line number="806" hits="0"/>
						<line number="807" hits="0"/>
						<line number="808" hits="0"/>
						<line number="809" hits="0"/>
						<line number="810" hits="0"/>
						<line number="811" hits="0"/>
						<line number="812" hits="0"/>
						<line number="815" hits="1"/>
						<line number="818" hits="0"/>
						<line number="819" hits="0"/>
						<line number="820" hits="0"/>
						<line number="821" hits="0"/>
						<line number="822" hits="0"/>
						<line number="825" hits="1"/>
						<line number="828" hits="0"/>
						<line number="829" hits="0"/>
						<line number="830" hits="0"/>
						<line number="831" hits="0"/>
						<line number="832" hits="0"/>
						<line number="835" hits="1"/>
						<line number="838" hits="0"/>
						<line number="839" hits="0"/>
						<line number="840" hits="0"/>
						<line number="841" hits="0"/>
						<line number="842" hits="0"/>
						<line number="845" hits="1"/>
						<line number="848" hits="0"/>
						<line number="849" hits="0"/>
						<line number="850" hits="0"/>
						<line number="851" hits="0"/>
						<line number="852" hits="0"/>
						<line number="855" hits="1"/>
						<line number="858" hits="0"/>
						<line number="859" hits="0"/>
						<line number="860" hits="0"/>
						<line number="861" hits="0"/>
						<line number="862" hits="0"/>
						<line number="865" hits="1"/>
						<line number="871" hits="0"/>
						<line number="872" hits="0"/>
						<line number="873" hits="0"/>
						<line number="874" hits="0"/>
						<line number="876" hits="0"/>
						<line number="877" hits="0"/>
						<line number="879" hits="0"/>
						<line number="880" hits="0"/>
						<line number="882" hits="0"/>
						<line number="883" hits="0"/>
						<line number="884" hits="0"/>
						<line number="885" hits="0"/>
						<line number="887" hits="0"/>
						<line number="888" hits="0"/>
						<line number="889" hits="0"/>
						<line number="890" hits="0"/>
						<line number="892" hits="0"/>
						<line number="894" hits="0"/>
						<line number="896" hits="0"/>
						<line number="897" hits="0"/>
						<line number="898" hits="0"/>
						<line number="899" hits="0"/>
						<line number="900" hits="0"/>
						<line number="901" hits="0"/>
						<line number="902" hits="0"/>
						<line number="903" hits="0"/>
						<line number="904" hits="0"/>
						<line number="907" hits="0"/>
						<line number="908" hits="0"/>
						<line number="911" hits="1"/>
						<line number="914" hits="0"/>
						<line number="915" hits="0"/>
						<line number="916" hits="0"/>
						<line number="917" hits="0"/>
						<line number="919" hits="0"/>
						<line number="928" hits="1"/>
						<line number="933" hits="0"/>
						<line number="934" hits="0"/>
						<line number="936" hits="0"/>
						<line number="941" hits="1"/>
						<line number="942" hits="0"/>
						<line number="943" hits="0"/>
						<line number="944" hits="0"/>
						<line number="946" hits="0"/>
						<line number="949" hits="0"/>
						<line number="951" hits="0"/>
						<line number="952" hits="0"/>
						<line number="954" hits="0"/>
						<line number="955" hits="0"/>
						<line number="956" hits="0"/>
						<line number="958" hits="0"/>
						<line number="959" hits="0"/>
						<line number="960" hits="0"/>
						<line number="961" hits="0"/>
						<line number="962" hits="0"/>
						<line number="963" hits="0"/>
						<line number="965" hits="0"/>
						<line number="968" hits="0"/>
						<line number="969" hits="0"/>
						<line number="971" hits="0"/>
						<line number="974" hits="0"/>
						<line number="978" hits="0"/>
					</lines>
				</class>
				<class name="request_context.py" filename="ml-engine/infrastructure/request_context.py" complexity="0" line-rate="0.422" branch-rate="0">
					<methods/>
					<lines>
						<line number="22" hits="1"/>
						<line number="24" hits="1"/>
						<line number="25" hits="1"/>
						<line number="26" hits="1"/>
						<line number="27" hits="1"/>
						<line number="28" hits="1"/>
						<line number="29" hits="1"/>
						<line number="31" hits="1"/>
						<line number="32" hits="1"/>
						<line number="38" hits="1"/>
						<line number="41" hits="1"/>
						<line number="43" hits="1"/>
						<line number="46" hits="1"/>
						<line number="47" hits="0"/>
						<line number="48" hits="0"/>
						<line number="49" hits="0"/>
						<line number="50" hits="0"/>
						<line number="51" hits="0"/>
						<line number="54" hits="1"/>
						<line number="63" hits="1"/>
						<line number="64" hits="0"/>
						<line number="66" hits="1"/>
						<line number="67" hits="1"/>
						<line number="68" hits="0"/>
						<line number="69" hits="0"/>
						<line number="70" hits="0"/>
						<line number="72" hits="1"/>
						<line number="73" hits="0"/>
						<line number="74" hits="0"/>
						<line number="75" hits="0"/>
						<line number="76" hits="0"/>
						<line number="77" hits="0"/>
						<line number="78" hits="0"/>
						<line number="80" hits="1"/>
						<line number="81" hits="1"/>
						<line number="82" hits="0"/>
						<line number="83" hits="0"/>
						<line number="84" hits="0"/>
						<line number="85" hits="0"/>
						<line number="86" hits="0"/>
						<line number="87" hits="0"/>
						<line number="88" hits="0"/>
						<line number="90" hits="1"/>
						<line number="93" hits="1"/>
						<line number="102" hits="0"/>
						<line number="105" hits="1"/>
						<line number="107" hits="1"/>
						<line number="110" hits="1"/>
						<line number="111" hits="1"/>
						<line number="113" hits="1"/>
						<line number="114" hits="1"/>
						<line number="115" hits="1"/>
						<line number="117" hits="1"/>
						<line number="122" hits="1"/>
						<line number="135" hits="1"/>
						<line number="136" hits="1"/>
						<line number="137" hits="1"/>
						<line number="138" hits="1"/>
						<line number="141" hits="1"/>
						<line number="144" hits="1"/>
						<line number="146" hits="1"/>
						<line number="152" hits="1"/>
						<line number="153" hits="1"/>
						<line number="156" hits="1"/>
						<line number="158" hits="0"/>
						<line number="159" hits="0"/>
						<line number="160" hits="0"/>
						<line number="161" hits="0"/>
						<line number="163" hits="0"/>
						<line number="164" hits="0"/>
						<line number="165" hits="0"/>
						<line number="168" hits="1"/>
						<line number="183" hits="1"/>
						<line number="184" hits="0"/>
						<line number="186" hits="1"/>
						<line number="187" hits="0"/>
						<line number="188" hits="0"/>
						<line number="189" hits="0"/>
						<line number="191" hits="0"/>
						<line number="195" hits="0"/>
						<line number="196" hits="0"/>
						<line number="197" hits="0"/>
						<line number="198" hits="0"/>
						<line number="199" hits="0"/>
						<line number="200" hits="0"/>
						<line number="202" hits="0"/>
						<line number="204" hits="0"/>
						<line number="206" hits="0"/>
						<line number="207" hits="0"/>
						<line number="208" hits="0"/>
						<line number="209" hits="0"/>
						<line number="210" hits="0"/>
						<line number="211" hits="0"/>
						<line number="213" hits="0"/>
						<line number="214" hits="0"/>
						<line number="215" hits="0"/>
						<line number="216" hits="0"/>
						<line number="223" hits="0"/>
						<line number="224" hits="0"/>
						<line number="225" hits="0"/>
						<line number="232" hits="0"/>
						<line number="233" hits="0"/>
						<line number="235" hits="0"/>
						<line number="245" hits="0"/>
						<line number="247" hits="0"/>
						<line number="252" hits="1"/>
						<line number="262" hits="1"/>
						<line number="263" hits="0"/>
						<line number="264" hits="0"/>
					</lines>
				</class>
			</classes>
		</package>
	</packages>
</coverage>
